Started GET "/" for ::1 at 2022-02-15 22:07:12 +0530
  [1m[35m (1.0ms)[0m  [1m[34mSELECT sqlite_version(*)[0m
  [1m[35m (25.7ms)[0m  [1m[35mCREATE TABLE "schema_migrations" ("version" varchar NOT NULL PRIMARY KEY)[0m
  [1m[35m (7.3ms)[0m  [1m[35mCREATE TABLE "ar_internal_metadata" ("key" varchar NOT NULL PRIMARY KEY, "value" varchar, "created_at" datetime(6) NOT NULL, "updated_at" datetime(6) NOT NULL)[0m
  [1m[36mActiveRecord::SchemaMigration Pluck (0.3ms)[0m  [1m[34mSELECT "schema_migrations"."version" FROM "schema_migrations" ORDER BY "schema_migrations"."version" ASC[0m
  
ActiveRecord::PendingMigrationError (

Migrations are pending. To resolve this issue, run:

        bin/rails db:migrate RAILS_ENV=development

You have 1 pending migration:

20220215150216_create_events.rb


):
  
activerecord (7.0.2.2) lib/active_record/migration.rb:627:in `check_pending!'
activerecord (7.0.2.2) lib/active_record/migration.rb:592:in `block (2 levels) in call'
activesupport (7.0.2.2) lib/active_support/file_update_checker.rb:83:in `execute'
activerecord (7.0.2.2) lib/active_record/migration.rb:597:in `block in call'
activerecord (7.0.2.2) lib/active_record/migration.rb:589:in `synchronize'
activerecord (7.0.2.2) lib/active_record/migration.rb:589:in `call'
actionpack (7.0.2.2) lib/action_dispatch/middleware/callbacks.rb:27:in `block in call'
activesupport (7.0.2.2) lib/active_support/callbacks.rb:99:in `run_callbacks'
actionpack (7.0.2.2) lib/action_dispatch/middleware/callbacks.rb:26:in `call'
actionpack (7.0.2.2) lib/action_dispatch/middleware/executor.rb:14:in `call'
actionpack (7.0.2.2) lib/action_dispatch/middleware/actionable_exceptions.rb:17:in `call'
actionpack (7.0.2.2) lib/action_dispatch/middleware/debug_exceptions.rb:28:in `call'
web-console (4.2.0) lib/web_console/middleware.rb:132:in `call_app'
web-console (4.2.0) lib/web_console/middleware.rb:28:in `block in call'
web-console (4.2.0) lib/web_console/middleware.rb:17:in `catch'
web-console (4.2.0) lib/web_console/middleware.rb:17:in `call'
actionpack (7.0.2.2) lib/action_dispatch/middleware/show_exceptions.rb:26:in `call'
railties (7.0.2.2) lib/rails/rack/logger.rb:36:in `call_app'
railties (7.0.2.2) lib/rails/rack/logger.rb:25:in `block in call'
activesupport (7.0.2.2) lib/active_support/tagged_logging.rb:99:in `block in tagged'
activesupport (7.0.2.2) lib/active_support/tagged_logging.rb:37:in `tagged'
activesupport (7.0.2.2) lib/active_support/tagged_logging.rb:99:in `tagged'
railties (7.0.2.2) lib/rails/rack/logger.rb:25:in `call'
sprockets-rails (3.4.2) lib/sprockets/rails/quiet_assets.rb:13:in `call'
actionpack (7.0.2.2) lib/action_dispatch/middleware/remote_ip.rb:93:in `call'
actionpack (7.0.2.2) lib/action_dispatch/middleware/request_id.rb:26:in `call'
rack (2.2.3) lib/rack/method_override.rb:24:in `call'
rack (2.2.3) lib/rack/runtime.rb:22:in `call'
activesupport (7.0.2.2) lib/active_support/cache/strategy/local_cache_middleware.rb:29:in `call'
actionpack (7.0.2.2) lib/action_dispatch/middleware/server_timing.rb:20:in `call'
actionpack (7.0.2.2) lib/action_dispatch/middleware/executor.rb:14:in `call'
actionpack (7.0.2.2) lib/action_dispatch/middleware/static.rb:23:in `call'
rack (2.2.3) lib/rack/sendfile.rb:110:in `call'
actionpack (7.0.2.2) lib/action_dispatch/middleware/host_authorization.rb:137:in `call'
railties (7.0.2.2) lib/rails/engine.rb:530:in `call'
puma (5.6.2) lib/puma/configuration.rb:252:in `call'
puma (5.6.2) lib/puma/request.rb:77:in `block in handle_request'
puma (5.6.2) lib/puma/thread_pool.rb:340:in `with_force_shutdown'
puma (5.6.2) lib/puma/request.rb:76:in `handle_request'
puma (5.6.2) lib/puma/server.rb:441:in `process_client'
puma (5.6.2) lib/puma/thread_pool.rb:147:in `block in spawn_thread'
Started GET "/events" for ::1 at 2022-02-15 22:07:14 +0530
  [1m[36mActiveRecord::SchemaMigration Pluck (0.1ms)[0m  [1m[34mSELECT "schema_migrations"."version" FROM "schema_migrations" ORDER BY "schema_migrations"."version" ASC[0m
  [1m[36mCACHE ActiveRecord::SchemaMigration Pluck (0.0ms)[0m  [1m[34mSELECT "schema_migrations"."version" FROM "schema_migrations" ORDER BY "schema_migrations"."version" ASC[0m
  
ActiveRecord::PendingMigrationError (

Migrations are pending. To resolve this issue, run:

        bin/rails db:migrate RAILS_ENV=development

You have 1 pending migration:

20220215150216_create_events.rb


):
  
activerecord (7.0.2.2) lib/active_record/migration.rb:627:in `check_pending!'
activerecord (7.0.2.2) lib/active_record/migration.rb:592:in `block (2 levels) in call'
activesupport (7.0.2.2) lib/active_support/file_update_checker.rb:83:in `execute'
activerecord (7.0.2.2) lib/active_record/migration.rb:597:in `block in call'
activerecord (7.0.2.2) lib/active_record/migration.rb:589:in `synchronize'
activerecord (7.0.2.2) lib/active_record/migration.rb:589:in `call'
actionpack (7.0.2.2) lib/action_dispatch/middleware/callbacks.rb:27:in `block in call'
activesupport (7.0.2.2) lib/active_support/callbacks.rb:99:in `run_callbacks'
actionpack (7.0.2.2) lib/action_dispatch/middleware/callbacks.rb:26:in `call'
actionpack (7.0.2.2) lib/action_dispatch/middleware/executor.rb:14:in `call'
actionpack (7.0.2.2) lib/action_dispatch/middleware/actionable_exceptions.rb:17:in `call'
actionpack (7.0.2.2) lib/action_dispatch/middleware/debug_exceptions.rb:28:in `call'
web-console (4.2.0) lib/web_console/middleware.rb:132:in `call_app'
web-console (4.2.0) lib/web_console/middleware.rb:28:in `block in call'
web-console (4.2.0) lib/web_console/middleware.rb:17:in `catch'
web-console (4.2.0) lib/web_console/middleware.rb:17:in `call'
actionpack (7.0.2.2) lib/action_dispatch/middleware/show_exceptions.rb:26:in `call'
railties (7.0.2.2) lib/rails/rack/logger.rb:36:in `call_app'
railties (7.0.2.2) lib/rails/rack/logger.rb:25:in `block in call'
activesupport (7.0.2.2) lib/active_support/tagged_logging.rb:99:in `block in tagged'
activesupport (7.0.2.2) lib/active_support/tagged_logging.rb:37:in `tagged'
activesupport (7.0.2.2) lib/active_support/tagged_logging.rb:99:in `tagged'
railties (7.0.2.2) lib/rails/rack/logger.rb:25:in `call'
sprockets-rails (3.4.2) lib/sprockets/rails/quiet_assets.rb:13:in `call'
actionpack (7.0.2.2) lib/action_dispatch/middleware/remote_ip.rb:93:in `call'
actionpack (7.0.2.2) lib/action_dispatch/middleware/request_id.rb:26:in `call'
rack (2.2.3) lib/rack/method_override.rb:24:in `call'
rack (2.2.3) lib/rack/runtime.rb:22:in `call'
activesupport (7.0.2.2) lib/active_support/cache/strategy/local_cache_middleware.rb:29:in `call'
actionpack (7.0.2.2) lib/action_dispatch/middleware/server_timing.rb:20:in `call'
actionpack (7.0.2.2) lib/action_dispatch/middleware/executor.rb:14:in `call'
actionpack (7.0.2.2) lib/action_dispatch/middleware/static.rb:23:in `call'
rack (2.2.3) lib/rack/sendfile.rb:110:in `call'
actionpack (7.0.2.2) lib/action_dispatch/middleware/host_authorization.rb:137:in `call'
railties (7.0.2.2) lib/rails/engine.rb:530:in `call'
puma (5.6.2) lib/puma/configuration.rb:252:in `call'
puma (5.6.2) lib/puma/request.rb:77:in `block in handle_request'
puma (5.6.2) lib/puma/thread_pool.rb:340:in `with_force_shutdown'
puma (5.6.2) lib/puma/request.rb:76:in `handle_request'
puma (5.6.2) lib/puma/server.rb:441:in `process_client'
puma (5.6.2) lib/puma/thread_pool.rb:147:in `block in spawn_thread'
  [1m[35m (0.4ms)[0m  [1m[34mSELECT sqlite_version(*)[0m
  [1m[36mActiveRecord::SchemaMigration Pluck (0.1ms)[0m  [1m[34mSELECT "schema_migrations"."version" FROM "schema_migrations" ORDER BY "schema_migrations"."version" ASC[0m
Migrating to CreateEvents (20220215150216)
  [1m[36mTRANSACTION (0.0ms)[0m  [1m[36mbegin transaction[0m
  [1m[35m (0.3ms)[0m  [1m[35mCREATE TABLE "events" ("id" integer PRIMARY KEY AUTOINCREMENT NOT NULL, "from_date" date, "to_date" date, "name" varchar, "created_at" datetime(6) NOT NULL, "updated_at" datetime(6) NOT NULL)[0m
  [1m[36mActiveRecord::SchemaMigration Create (0.1ms)[0m  [1m[32mINSERT INTO "schema_migrations" ("version") VALUES (?)[0m  [["version", "20220215150216"]]
  [1m[36mTRANSACTION (8.0ms)[0m  [1m[36mcommit transaction[0m
  [1m[36mActiveRecord::InternalMetadata Load (0.1ms)[0m  [1m[34mSELECT "ar_internal_metadata".* FROM "ar_internal_metadata" WHERE "ar_internal_metadata"."key" = ? LIMIT ?[0m  [["key", "environment"], ["LIMIT", 1]]
  [1m[36mTRANSACTION (0.0ms)[0m  [1m[36mbegin transaction[0m
  [1m[36mActiveRecord::InternalMetadata Create (0.1ms)[0m  [1m[32mINSERT INTO "ar_internal_metadata" ("key", "value", "created_at", "updated_at") VALUES (?, ?, ?, ?)[0m  [["key", "environment"], ["value", "development"], ["created_at", "2022-02-15 16:37:22.460688"], ["updated_at", "2022-02-15 16:37:22.460688"]]
  [1m[36mTRANSACTION (4.8ms)[0m  [1m[36mcommit transaction[0m
  [1m[35m (0.0ms)[0m  [1m[34mSELECT sqlite_version(*)[0m
  [1m[36mActiveRecord::SchemaMigration Pluck (0.1ms)[0m  [1m[34mSELECT "schema_migrations"."version" FROM "schema_migrations" ORDER BY "schema_migrations"."version" ASC[0m
Started GET "/events" for ::1 at 2022-02-15 22:07:25 +0530
  [1m[35m (0.5ms)[0m  [1m[34mSELECT sqlite_version(*)[0m
  [1m[36mActiveRecord::SchemaMigration Pluck (0.1ms)[0m  [1m[34mSELECT "schema_migrations"."version" FROM "schema_migrations" ORDER BY "schema_migrations"."version" ASC[0m
Processing by EventsController#index as HTML
  Rendering layout layouts/application.html.erb
  Rendering events/index.html.erb within layouts/application
  Rendered events/index.html.erb within layouts/application (Duration: 0.7ms | Allocations: 364)
  Rendered layout layouts/application.html.erb (Duration: 236.3ms | Allocations: 93758)
Completed 200 OK in 245ms (Views: 238.5ms | ActiveRecord: 0.0ms | Allocations: 99387)


Started GET "/events/new" for ::1 at 2022-02-15 22:07:32 +0530
Processing by EventsController#new as HTML
  Rendering layout layouts/application.html.erb
  Rendering events/new.html.erb within layouts/application
  Rendered events/new.html.erb within layouts/application (Duration: 0.9ms | Allocations: 124)
  Rendered layout layouts/application.html.erb (Duration: 4.5ms | Allocations: 2663)
Completed 200 OK in 6ms (Views: 5.3ms | ActiveRecord: 0.0ms | Allocations: 3043)


Started GET "/" for ::1 at 2022-02-15 22:40:04 +0530
  [1m[35m (0.5ms)[0m  [1m[34mSELECT sqlite_version(*)[0m
  [1m[36mActiveRecord::SchemaMigration Pluck (0.1ms)[0m  [1m[34mSELECT "schema_migrations"."version" FROM "schema_migrations" ORDER BY "schema_migrations"."version" ASC[0m
Processing by Rails::WelcomeController#index as HTML
  Rendering /home/vishal-bac/.rvm/gems/ruby-3.0.0/gems/railties-7.0.2.2/lib/rails/templates/rails/welcome/index.html.erb
  Rendered /home/vishal-bac/.rvm/gems/ruby-3.0.0/gems/railties-7.0.2.2/lib/rails/templates/rails/welcome/index.html.erb (Duration: 1.3ms | Allocations: 632)
Completed 200 OK in 9ms (Views: 3.8ms | ActiveRecord: 0.0ms | Allocations: 5704)


Started GET "/" for ::1 at 2022-02-15 22:40:33 +0530
  
ArgumentError (Missing :controller key on routes definition, please check your routes.):
  
config/routes.rb:4:in `block in <main>'
config/routes.rb:1:in `<main>'
Started GET "/" for ::1 at 2022-02-15 22:40:44 +0530
  
AbstractController::ActionNotFound (The action 'welcome' could not be found for EventsController):
  
actionpack (7.0.2.2) lib/abstract_controller/base.rb:146:in `process'
actionview (7.0.2.2) lib/action_view/rendering.rb:39:in `process'
actionpack (7.0.2.2) lib/action_controller/metal.rb:188:in `dispatch'
actionpack (7.0.2.2) lib/action_controller/metal.rb:251:in `dispatch'
actionpack (7.0.2.2) lib/action_dispatch/routing/route_set.rb:49:in `dispatch'
actionpack (7.0.2.2) lib/action_dispatch/routing/route_set.rb:32:in `serve'
actionpack (7.0.2.2) lib/action_dispatch/journey/router.rb:50:in `block in serve'
actionpack (7.0.2.2) lib/action_dispatch/journey/router.rb:32:in `each'
actionpack (7.0.2.2) lib/action_dispatch/journey/router.rb:32:in `serve'
actionpack (7.0.2.2) lib/action_dispatch/routing/route_set.rb:850:in `call'
rack (2.2.3) lib/rack/tempfile_reaper.rb:15:in `call'
rack (2.2.3) lib/rack/etag.rb:27:in `call'
rack (2.2.3) lib/rack/conditional_get.rb:27:in `call'
rack (2.2.3) lib/rack/head.rb:12:in `call'
actionpack (7.0.2.2) lib/action_dispatch/http/permissions_policy.rb:22:in `call'
actionpack (7.0.2.2) lib/action_dispatch/http/content_security_policy.rb:18:in `call'
rack (2.2.3) lib/rack/session/abstract/id.rb:266:in `context'
rack (2.2.3) lib/rack/session/abstract/id.rb:260:in `call'
actionpack (7.0.2.2) lib/action_dispatch/middleware/cookies.rb:693:in `call'
activerecord (7.0.2.2) lib/active_record/migration.rb:603:in `call'
actionpack (7.0.2.2) lib/action_dispatch/middleware/callbacks.rb:27:in `block in call'
activesupport (7.0.2.2) lib/active_support/callbacks.rb:99:in `run_callbacks'
actionpack (7.0.2.2) lib/action_dispatch/middleware/callbacks.rb:26:in `call'
actionpack (7.0.2.2) lib/action_dispatch/middleware/executor.rb:14:in `call'
actionpack (7.0.2.2) lib/action_dispatch/middleware/actionable_exceptions.rb:17:in `call'
actionpack (7.0.2.2) lib/action_dispatch/middleware/debug_exceptions.rb:28:in `call'
web-console (4.2.0) lib/web_console/middleware.rb:132:in `call_app'
web-console (4.2.0) lib/web_console/middleware.rb:28:in `block in call'
web-console (4.2.0) lib/web_console/middleware.rb:17:in `catch'
web-console (4.2.0) lib/web_console/middleware.rb:17:in `call'
actionpack (7.0.2.2) lib/action_dispatch/middleware/show_exceptions.rb:26:in `call'
railties (7.0.2.2) lib/rails/rack/logger.rb:36:in `call_app'
railties (7.0.2.2) lib/rails/rack/logger.rb:25:in `block in call'
activesupport (7.0.2.2) lib/active_support/tagged_logging.rb:99:in `block in tagged'
activesupport (7.0.2.2) lib/active_support/tagged_logging.rb:37:in `tagged'
activesupport (7.0.2.2) lib/active_support/tagged_logging.rb:99:in `tagged'
railties (7.0.2.2) lib/rails/rack/logger.rb:25:in `call'
sprockets-rails (3.4.2) lib/sprockets/rails/quiet_assets.rb:13:in `call'
actionpack (7.0.2.2) lib/action_dispatch/middleware/remote_ip.rb:93:in `call'
actionpack (7.0.2.2) lib/action_dispatch/middleware/request_id.rb:26:in `call'
rack (2.2.3) lib/rack/method_override.rb:24:in `call'
rack (2.2.3) lib/rack/runtime.rb:22:in `call'
activesupport (7.0.2.2) lib/active_support/cache/strategy/local_cache_middleware.rb:29:in `call'
actionpack (7.0.2.2) lib/action_dispatch/middleware/server_timing.rb:20:in `call'
actionpack (7.0.2.2) lib/action_dispatch/middleware/executor.rb:14:in `call'
actionpack (7.0.2.2) lib/action_dispatch/middleware/static.rb:23:in `call'
rack (2.2.3) lib/rack/sendfile.rb:110:in `call'
actionpack (7.0.2.2) lib/action_dispatch/middleware/host_authorization.rb:137:in `call'
railties (7.0.2.2) lib/rails/engine.rb:530:in `call'
puma (5.6.2) lib/puma/configuration.rb:252:in `call'
puma (5.6.2) lib/puma/request.rb:77:in `block in handle_request'
puma (5.6.2) lib/puma/thread_pool.rb:340:in `with_force_shutdown'
puma (5.6.2) lib/puma/request.rb:76:in `handle_request'
puma (5.6.2) lib/puma/server.rb:441:in `process_client'
puma (5.6.2) lib/puma/thread_pool.rb:147:in `block in spawn_thread'
Started GET "/" for ::1 at 2022-02-15 22:41:37 +0530
Processing by EventsController#welcome as HTML
  Rendering layout layouts/application.html.erb
  Rendering events/welcome.html.erb within layouts/application
  Rendered events/welcome.html.erb within layouts/application (Duration: 0.5ms | Allocations: 120)
  Rendered layout layouts/application.html.erb (Duration: 55.0ms | Allocations: 35192)
Completed 200 OK in 58ms (Views: 57.0ms | Allocations: 36296)


Started GET "/" for ::1 at 2022-02-15 22:41:54 +0530
Processing by EventsController#welcome as HTML
  Rendering layout layouts/application.html.erb
  Rendering events/welcome.html.erb within layouts/application
  Rendered events/welcome.html.erb within layouts/application (Duration: 1.6ms | Allocations: 127)
  Rendered layout layouts/application.html.erb (Duration: 10.0ms | Allocations: 2946)
Completed 200 OK in 17ms (Views: 15.3ms | Allocations: 3960)


Started GET "/" for ::1 at 2022-02-15 22:46:06 +0530
Processing by EventsController#welcome as HTML
  Rendering layout layouts/application.html.erb
  Rendering events/welcome.html.erb within layouts/application
  Rendered events/welcome.html.erb within layouts/application (Duration: 0.5ms | Allocations: 125)
  Rendered layout layouts/application.html.erb (Duration: 3.7ms | Allocations: 2933)
Completed 200 OK in 6ms (Views: 5.2ms | Allocations: 3953)


Started GET "/" for ::1 at 2022-02-15 22:48:18 +0530
Processing by EventsController#welcome as HTML
  Rendering layout layouts/application.html.erb
  Rendering events/welcome.html.erb within layouts/application
  Rendered events/welcome.html.erb within layouts/application (Duration: 0.1ms | Allocations: 15)
  Rendered layout layouts/application.html.erb (Duration: 3.5ms | Allocations: 2542)
Completed 200 OK in 4ms (Views: 4.1ms | Allocations: 2860)


Started GET "/" for ::1 at 2022-02-18 16:30:42 +0530
  [1m[35m (3.1ms)[0m  [1m[34mSELECT sqlite_version(*)[0m
  [1m[36mActiveRecord::SchemaMigration Pluck (0.1ms)[0m  [1m[34mSELECT "schema_migrations"."version" FROM "schema_migrations" ORDER BY "schema_migrations"."version" ASC[0m
Processing by EventsController#welcome as HTML
  Rendering layout layouts/application.html.erb
  Rendering events/welcome.html.erb within layouts/application
  Rendered events/welcome.html.erb within layouts/application (Duration: 2.3ms | Allocations: 366)
  Rendered layout layouts/application.html.erb (Duration: 343.9ms | Allocations: 149537)
Completed 200 OK in 371ms (Views: 352.1ms | ActiveRecord: 0.0ms | Allocations: 154761)


Started GET "/" for ::1 at 2022-02-18 16:30:58 +0530
Processing by EventsController#welcome as HTML
  Rendering layout layouts/application.html.erb
  Rendering events/welcome.html.erb within layouts/application
  Rendered events/welcome.html.erb within layouts/application (Duration: 1.3ms | Allocations: 130)
  Rendered layout layouts/application.html.erb (Duration: 15.0ms | Allocations: 7950)
Completed 200 OK in 23ms (Views: 20.1ms | ActiveRecord: 0.0ms | Allocations: 8973)


Started GET "/" for ::1 at 2022-02-18 16:31:08 +0530
Processing by EventsController#welcome as HTML
  Rendering layout layouts/application.html.erb
  Rendering events/welcome.html.erb within layouts/application
  Rendered events/welcome.html.erb within layouts/application (Duration: 0.7ms | Allocations: 125)
  Rendered layout layouts/application.html.erb (Duration: 15.5ms | Allocations: 7353)
Completed 200 OK in 19ms (Views: 18.2ms | ActiveRecord: 0.0ms | Allocations: 8376)


Started GET "/" for ::1 at 2022-02-18 16:31:14 +0530
Processing by EventsController#welcome as HTML
  Rendering layout layouts/application.html.erb
  Rendering events/welcome.html.erb within layouts/application
  Rendered events/welcome.html.erb within layouts/application (Duration: 0.8ms | Allocations: 124)
  Rendered layout layouts/application.html.erb (Duration: 14.1ms | Allocations: 7358)
Completed 200 OK in 18ms (Views: 16.7ms | ActiveRecord: 0.0ms | Allocations: 8381)


Started GET "/" for ::1 at 2022-02-18 17:49:57 +0530
  [1m[35m (3.1ms)[0m  [1m[34mSELECT sqlite_version(*)[0m
  [1m[36mActiveRecord::SchemaMigration Pluck (0.5ms)[0m  [1m[34mSELECT "schema_migrations"."version" FROM "schema_migrations" ORDER BY "schema_migrations"."version" ASC[0m
Processing by EventsController#welcome as HTML
  Rendering layout layouts/application.html.erb
  Rendering events/welcome.html.erb within layouts/application
  Rendered events/welcome.html.erb within layouts/application (Duration: 2.0ms | Allocations: 371)
  Rendered layout layouts/application.html.erb (Duration: 105.4ms | Allocations: 60652)
Completed 200 OK in 132ms (Views: 119.6ms | ActiveRecord: 0.0ms | Allocations: 65874)


Started GET "/" for ::1 at 2022-02-18 17:52:19 +0530
Processing by EventsController#welcome as HTML
  Rendering layout layouts/application.html.erb
  Rendering events/welcome.html.erb within layouts/application
  Rendered events/welcome.html.erb within layouts/application (Duration: 0.7ms | Allocations: 129)
  Rendered layout layouts/application.html.erb (Duration: 82.7ms | Allocations: 11325)
Completed 200 OK in 112ms (Views: 93.6ms | ActiveRecord: 0.0ms | Allocations: 12349)


Started GET "/" for ::1 at 2022-02-18 17:52:43 +0530
Processing by EventsController#welcome as HTML
  Rendering layout layouts/application.html.erb
  Rendering events/welcome.html.erb within layouts/application
  Rendered events/welcome.html.erb within layouts/application (Duration: 0.8ms | Allocations: 134)
  Rendered layout layouts/application.html.erb (Duration: 13.9ms | Allocations: 7355)
Completed 200 OK in 19ms (Views: 17.5ms | ActiveRecord: 0.0ms | Allocations: 8373)


Started GET "/" for ::1 at 2022-02-18 17:53:05 +0530
Processing by EventsController#welcome as HTML
  Rendering layout layouts/application.html.erb
  Rendering events/welcome.html.erb within layouts/application
  Rendered events/welcome.html.erb within layouts/application (Duration: 1.1ms | Allocations: 129)
  Rendered layout layouts/application.html.erb (Duration: 22.0ms | Allocations: 9857)
Completed 200 OK in 28ms (Views: 26.2ms | ActiveRecord: 0.0ms | Allocations: 10880)


Started GET "/" for ::1 at 2022-02-18 17:53:54 +0530
Processing by EventsController#welcome as HTML
  Rendering layout layouts/application.html.erb
  Rendering events/welcome.html.erb within layouts/application
  Rendered events/welcome.html.erb within layouts/application (Duration: 1.8ms | Allocations: 130)
  Rendered layout layouts/application.html.erb (Duration: 27.4ms | Allocations: 9931)
Completed 200 OK in 36ms (Views: 33.5ms | ActiveRecord: 0.0ms | Allocations: 10949)


Started GET "/" for ::1 at 2022-02-18 17:54:29 +0530
Processing by EventsController#welcome as HTML
  Rendering layout layouts/application.html.erb
  Rendering events/welcome.html.erb within layouts/application
  Rendered events/welcome.html.erb within layouts/application (Duration: 1.8ms | Allocations: 130)
  Rendered layout layouts/application.html.erb (Duration: 25.3ms | Allocations: 10347)
Completed 200 OK in 32ms (Views: 30.2ms | ActiveRecord: 0.0ms | Allocations: 11365)


Started GET "/" for ::1 at 2022-02-18 17:54:30 +0530
Processing by EventsController#welcome as HTML
  Rendering layout layouts/application.html.erb
  Rendering events/welcome.html.erb within layouts/application
  Rendered events/welcome.html.erb within layouts/application (Duration: 0.1ms | Allocations: 15)
  Rendered layout layouts/application.html.erb (Duration: 9.1ms | Allocations: 6891)
Completed 200 OK in 13ms (Views: 11.3ms | ActiveRecord: 0.0ms | Allocations: 7216)


Started GET "/" for ::1 at 2022-02-18 17:55:24 +0530
Processing by EventsController#welcome as HTML
  Rendering layout layouts/application.html.erb
  Rendering events/welcome.html.erb within layouts/application
  Rendered events/welcome.html.erb within layouts/application (Duration: 0.9ms | Allocations: 130)
  Rendered layout layouts/application.html.erb (Duration: 24.7ms | Allocations: 9845)
Completed 200 OK in 29ms (Views: 28.0ms | ActiveRecord: 0.0ms | Allocations: 10862)


Started GET "/" for ::1 at 2022-02-18 17:55:33 +0530
Processing by EventsController#welcome as HTML
  Rendering layout layouts/application.html.erb
  Rendering events/welcome.html.erb within layouts/application
  Rendered events/welcome.html.erb within layouts/application (Duration: 1.9ms | Allocations: 130)
  Rendered layout layouts/application.html.erb (Duration: 27.7ms | Allocations: 10740)
Completed 200 OK in 35ms (Views: 32.5ms | ActiveRecord: 0.0ms | Allocations: 11758)


Started GET "/" for ::1 at 2022-02-18 17:55:34 +0530
Processing by EventsController#welcome as HTML
  Rendering layout layouts/application.html.erb
  Rendering events/welcome.html.erb within layouts/application
  Rendered events/welcome.html.erb within layouts/application (Duration: 0.1ms | Allocations: 15)
  Rendered layout layouts/application.html.erb (Duration: 11.4ms | Allocations: 6896)
Completed 200 OK in 13ms (Views: 12.2ms | ActiveRecord: 0.0ms | Allocations: 7216)


Started GET "/" for ::1 at 2022-02-18 17:55:39 +0530
Processing by EventsController#welcome as HTML
  Rendering layout layouts/application.html.erb
  Rendering events/welcome.html.erb within layouts/application
  Rendered events/welcome.html.erb within layouts/application (Duration: 0.6ms | Allocations: 130)
  Rendered layout layouts/application.html.erb (Duration: 19.6ms | Allocations: 10269)
Completed 200 OK in 24ms (Views: 22.3ms | ActiveRecord: 0.0ms | Allocations: 11286)


Started GET "/" for ::1 at 2022-02-18 17:55:48 +0530
Processing by EventsController#welcome as HTML
  Rendering layout layouts/application.html.erb
  Rendering events/welcome.html.erb within layouts/application
  Rendered events/welcome.html.erb within layouts/application (Duration: 1.7ms | Allocations: 130)
  Rendered layout layouts/application.html.erb (Duration: 29.9ms | Allocations: 9246)
Completed 200 OK in 37ms (Views: 34.7ms | ActiveRecord: 0.0ms | Allocations: 10269)


Started GET "/" for ::1 at 2022-02-18 17:55:55 +0530
Processing by EventsController#welcome as HTML
  Rendering layout layouts/application.html.erb
  Rendering events/welcome.html.erb within layouts/application
  Rendered events/welcome.html.erb within layouts/application (Duration: 1.8ms | Allocations: 130)
  Rendered layout layouts/application.html.erb (Duration: 25.9ms | Allocations: 7369)
Completed 200 OK in 34ms (Views: 31.4ms | ActiveRecord: 0.0ms | Allocations: 8387)


Started GET "/" for ::1 at 2022-02-18 17:56:10 +0530
Processing by EventsController#welcome as HTML
  Rendering layout layouts/application.html.erb
  Rendering events/welcome.html.erb within layouts/application
  Rendered events/welcome.html.erb within layouts/application (Duration: 1.7ms | Allocations: 129)
  Rendered layout layouts/application.html.erb (Duration: 23.2ms | Allocations: 7352)
Completed 200 OK in 29ms (Views: 27.3ms | Allocations: 8368)


Started GET "/" for ::1 at 2022-02-18 20:19:18 +0530
Processing by EventsController#welcome as HTML
  Rendering layout layouts/application.html.erb
  Rendering events/welcome.html.erb within layouts/application
  Rendered events/welcome.html.erb within layouts/application (Duration: 1.0ms | Allocations: 130)
  Rendered layout layouts/application.html.erb (Duration: 33.0ms | Allocations: 9875)
Completed 200 OK in 42ms (Views: 39.8ms | Allocations: 10892)


Started GET "/" for ::1 at 2022-02-18 20:19:32 +0530
Processing by EventsController#welcome as HTML
  Rendering layout layouts/application.html.erb
  Rendering events/welcome.html.erb within layouts/application
  Rendered events/welcome.html.erb within layouts/application (Duration: 0.6ms | Allocations: 130)
  Rendered layout layouts/application.html.erb (Duration: 20.0ms | Allocations: 9260)
Completed 200 OK in 29ms (Views: 27.6ms | Allocations: 10276)


Started GET "/" for ::1 at 2022-02-18 22:54:32 +0530
Processing by EventsController#welcome as HTML
  Rendering layout layouts/application.html.erb
  Rendering events/welcome.html.erb within layouts/application
  Rendered events/welcome.html.erb within layouts/application (Duration: 0.8ms | Allocations: 135)
  Rendered layout layouts/application.html.erb (Duration: 21.5ms | Allocations: 9450)
Completed 200 OK in 25ms (Views: 23.8ms | Allocations: 10466)


Started GET "/" for ::1 at 2022-02-18 22:55:11 +0530
Processing by EventsController#welcome as HTML
  Rendering layout layouts/application.html.erb
  Rendering events/welcome.html.erb within layouts/application
  Rendered events/welcome.html.erb within layouts/application (Duration: 1.5ms | Allocations: 130)
  Rendered layout layouts/application.html.erb (Duration: 32.7ms | Allocations: 10434)
Completed 200 OK in 41ms (Views: 38.1ms | Allocations: 11449)


Started GET "/" for ::1 at 2022-02-18 22:56:00 +0530
Processing by EventsController#welcome as HTML
  Rendering layout layouts/application.html.erb
  Rendering events/welcome.html.erb within layouts/application
  Rendered events/welcome.html.erb within layouts/application (Duration: 0.8ms | Allocations: 130)
  Rendered layout layouts/application.html.erb (Duration: 16.7ms | Allocations: 7383)
Completed 200 OK in 22ms (Views: 20.6ms | Allocations: 8398)


Started GET "/" for ::1 at 2022-02-18 22:56:36 +0530
Processing by EventsController#welcome as HTML
  Rendering layout layouts/application.html.erb
  Rendering events/welcome.html.erb within layouts/application
  Rendered events/welcome.html.erb within layouts/application (Duration: 0.9ms | Allocations: 129)
  Rendered layout layouts/application.html.erb (Duration: 16.6ms | Allocations: 7410)
Completed 200 OK in 21ms (Views: 19.7ms | Allocations: 8425)


Started GET "/" for ::1 at 2022-02-18 22:59:50 +0530
Processing by EventsController#welcome as HTML
  Rendering layout layouts/application.html.erb
  Rendering events/welcome.html.erb within layouts/application
  Rendered events/welcome.html.erb within layouts/application (Duration: 1.6ms | Allocations: 129)
  Rendered layout layouts/application.html.erb (Duration: 27.5ms | Allocations: 9271)
Completed 200 OK in 34ms (Views: 31.8ms | Allocations: 10286)


Started GET "/" for ::1 at 2022-02-18 23:08:10 +0530
Processing by EventsController#welcome as HTML
  Rendering layout layouts/application.html.erb
  Rendering events/welcome.html.erb within layouts/application
  Rendered events/welcome.html.erb within layouts/application (Duration: 1.2ms | Allocations: 130)
  Rendered layout layouts/application.html.erb (Duration: 22.7ms | Allocations: 9855)
Completed 200 OK in 27ms (Views: 25.4ms | Allocations: 10870)


Started GET "/" for ::1 at 2022-02-18 23:14:16 +0530
Processing by EventsController#welcome as HTML
  Rendering layout layouts/application.html.erb
  Rendering events/welcome.html.erb within layouts/application
  Rendered events/welcome.html.erb within layouts/application (Duration: 0.7ms | Allocations: 134)
  Rendered layout layouts/application.html.erb (Duration: 23.6ms | Allocations: 9897)
Completed 200 OK in 27ms (Views: 26.4ms | Allocations: 10912)


Started GET "/" for ::1 at 2022-02-18 23:15:06 +0530
Processing by EventsController#welcome as HTML
  Rendering layout layouts/application.html.erb
  Rendering events/welcome.html.erb within layouts/application
  Rendered events/welcome.html.erb within layouts/application (Duration: 1.0ms | Allocations: 134)
  Rendered layout layouts/application.html.erb (Duration: 26.6ms | Allocations: 10398)
Completed 200 OK in 34ms (Views: 30.7ms | Allocations: 11413)


Started GET "/" for ::1 at 2022-02-18 23:15:38 +0530
Processing by EventsController#welcome as HTML
  Rendering layout layouts/application.html.erb
  Rendering events/welcome.html.erb within layouts/application
  Rendered events/welcome.html.erb within layouts/application (Duration: 2.5ms | Allocations: 134)
  Rendered layout layouts/application.html.erb (Duration: 40.1ms | Allocations: 7367)
Completed 200 OK in 52ms (Views: 49.0ms | Allocations: 8382)


Started GET "/" for ::1 at 2022-02-19 11:16:52 +0530
Processing by EventsController#welcome as HTML
  Rendering layout layouts/application.html.erb
  Rendering events/welcome.html.erb within layouts/application
  Rendered events/welcome.html.erb within layouts/application (Duration: 1.4ms | Allocations: 133)
  Rendered layout layouts/application.html.erb (Duration: 93.4ms | Allocations: 15090)
Completed 500 Internal Server Error in 101ms (Allocations: 16086)


  
ActionView::Template::Error (Missing partial events/_navbar, application/_navbar with {:locale=>[:en], :formats=>[:html], :variants=>[], :handlers=>[:raw, :erb, :html, :builder, :ruby, :jbuilder]}.

Searched in:
  * "/home/vishal-bac/practice/soljari/app/views"
  * "/home/vishal-bac/.rvm/gems/ruby-3.0.0/gems/actiontext-7.0.2.2/app/views"
  * "/home/vishal-bac/.rvm/gems/ruby-3.0.0/gems/actionmailbox-7.0.2.2/app/views"

Did you mean?  events/new_person
               active_storage/blobs/blob
               action_text/attachables/missing_attachable
               action_text/contents/content
               layouts/action_text/contents/content
               action_text/attachment_galleries/attachment_gallery):
    12:   </head>
    13: 
    14:   <body class="bg-slate-100">
    15:     <%= render 'navbar'%>
    16:     <main class="container mx-auto mt-28 px-5 flex">
    17:       <%= yield %>
    18:     </main>
  
app/views/layouts/application.html.erb:15
Started GET "/" for ::1 at 2022-02-19 11:17:44 +0530
Processing by EventsController#welcome as HTML
  Rendering layout layouts/application.html.erb
  Rendering events/welcome.html.erb within layouts/application
  Rendered events/welcome.html.erb within layouts/application (Duration: 1.1ms | Allocations: 133)
  Rendered layout layouts/application.html.erb (Duration: 17.6ms | Allocations: 10073)
Completed 500 Internal Server Error in 23ms (Allocations: 11054)


  
ActionView::Template::Error (Missing partial events/_navbar, application/_navbar with {:locale=>[:en], :formats=>[:html], :variants=>[], :handlers=>[:raw, :erb, :html, :builder, :ruby, :jbuilder]}.

Searched in:
  * "/home/vishal-bac/practice/soljari/app/views"
  * "/home/vishal-bac/.rvm/gems/ruby-3.0.0/gems/actiontext-7.0.2.2/app/views"
  * "/home/vishal-bac/.rvm/gems/ruby-3.0.0/gems/actionmailbox-7.0.2.2/app/views"

Did you mean?  events/new_person
               layouts/navbar
               active_storage/blobs/blob
               action_text/attachables/missing_attachable
               action_text/contents/content
               layouts/action_text/contents/content):
    12:   </head>
    13: 
    14:   <body class="bg-slate-100">
    15:     <%= render 'navbar'%>
    16:     <main class="container mx-auto mt-28 px-5 flex">
    17:       <%= yield %>
    18:     </main>
  
app/views/layouts/application.html.erb:15
Started GET "/" for ::1 at 2022-02-19 11:18:00 +0530
Processing by EventsController#welcome as HTML
  Rendering layout layouts/application.html.erb
  Rendering events/welcome.html.erb within layouts/application
  Rendered events/welcome.html.erb within layouts/application (Duration: 1.3ms | Allocations: 133)
  Rendered layouts/_navbar.html.erb (Duration: 0.7ms | Allocations: 119)
  Rendered layout layouts/application.html.erb (Duration: 20.7ms | Allocations: 7709)
Completed 200 OK in 26ms (Views: 24.2ms | Allocations: 8724)


Started GET "/" for ::1 at 2022-02-19 11:19:18 +0530
Processing by EventsController#welcome as HTML
  Rendering layout layouts/application.html.erb
  Rendering events/welcome.html.erb within layouts/application
  Rendered events/welcome.html.erb within layouts/application (Duration: 1.0ms | Allocations: 134)
  Rendered layouts/_navbar.html.erb (Duration: 0.9ms | Allocations: 124)
  Rendered layout layouts/application.html.erb (Duration: 16.7ms | Allocations: 7626)
Completed 200 OK in 20ms (Views: 18.8ms | Allocations: 8642)


Started GET "/" for ::1 at 2022-02-19 11:20:10 +0530
Processing by EventsController#welcome as HTML
  Rendering layout layouts/application.html.erb
  Rendering events/welcome.html.erb within layouts/application
  Rendered events/welcome.html.erb within layouts/application (Duration: 1.0ms | Allocations: 133)
  Rendered layouts/_navbar.html.erb (Duration: 0.8ms | Allocations: 124)
  Rendered layout layouts/application.html.erb (Duration: 24.5ms | Allocations: 10212)
Completed 200 OK in 31ms (Views: 28.7ms | Allocations: 11227)


Started GET "/" for ::1 at 2022-02-19 11:20:38 +0530
Processing by EventsController#welcome as HTML
  Rendering layout layouts/application.html.erb
  Rendering events/welcome.html.erb within layouts/application
  Rendered events/welcome.html.erb within layouts/application (Duration: 1.1ms | Allocations: 133)
  Rendered layouts/_navbar.html.erb (Duration: 0.7ms | Allocations: 124)
  Rendered layout layouts/application.html.erb (Duration: 25.5ms | Allocations: 10181)
Completed 200 OK in 31ms (Views: 28.7ms | Allocations: 11196)


Started GET "/" for ::1 at 2022-02-19 11:21:08 +0530
Processing by EventsController#welcome as HTML
  Rendering layout layouts/application.html.erb
  Rendering events/welcome.html.erb within layouts/application
  Rendered events/welcome.html.erb within layouts/application (Duration: 0.9ms | Allocations: 133)
  Rendered layouts/_navbar.html.erb (Duration: 0.6ms | Allocations: 124)
  Rendered layout layouts/application.html.erb (Duration: 17.5ms | Allocations: 7621)
Completed 200 OK in 22ms (Views: 20.2ms | Allocations: 8636)


Started GET "/" for ::1 at 2022-02-19 11:21:56 +0530
Processing by EventsController#welcome as HTML
  Rendering layout layouts/application.html.erb
  Rendering events/welcome.html.erb within layouts/application
  Rendered events/welcome.html.erb within layouts/application (Duration: 1.0ms | Allocations: 133)
  Rendered layouts/_navbar.html.erb (Duration: 0.6ms | Allocations: 124)
  Rendered layout layouts/application.html.erb (Duration: 25.0ms | Allocations: 10165)
Completed 200 OK in 29ms (Views: 27.7ms | Allocations: 11180)


Started GET "/" for ::1 at 2022-02-19 11:22:03 +0530
Processing by EventsController#welcome as HTML
  Rendering layout layouts/application.html.erb
  Rendering events/welcome.html.erb within layouts/application
  Rendered events/welcome.html.erb within layouts/application (Duration: 1.5ms | Allocations: 133)
  Rendered layouts/_navbar.html.erb (Duration: 0.5ms | Allocations: 124)
  Rendered layout layouts/application.html.erb (Duration: 28.6ms | Allocations: 9560)
Completed 200 OK in 35ms (Views: 33.0ms | Allocations: 10575)


Started GET "/" for ::1 at 2022-02-19 11:32:23 +0530
Processing by EventsController#welcome as HTML
  Rendering layout layouts/application.html.erb
  Rendering events/welcome.html.erb within layouts/application
  Rendered events/welcome.html.erb within layouts/application (Duration: 1.2ms | Allocations: 136)
  Rendered layouts/_navbar.html.erb (Duration: 0.6ms | Allocations: 124)
  Rendered layout layouts/application.html.erb (Duration: 23.9ms | Allocations: 10232)
Completed 200 OK in 28ms (Views: 26.4ms | Allocations: 11247)


Started GET "/" for ::1 at 2022-02-19 11:33:02 +0530
Processing by EventsController#welcome as HTML
  Rendering layout layouts/application.html.erb
  Rendering events/welcome.html.erb within layouts/application
  Rendered events/welcome.html.erb within layouts/application (Duration: 1.5ms | Allocations: 133)
  Rendered layouts/_navbar.html.erb (Duration: 0.7ms | Allocations: 124)
  Rendered layout layouts/application.html.erb (Duration: 31.2ms | Allocations: 9566)
Completed 200 OK in 38ms (Views: 35.3ms | Allocations: 10582)


Started GET "/" for ::1 at 2022-02-19 11:33:44 +0530
Processing by EventsController#welcome as HTML
  Rendering layout layouts/application.html.erb
  Rendering events/welcome.html.erb within layouts/application
  Rendered events/welcome.html.erb within layouts/application (Duration: 1.2ms | Allocations: 133)
  Rendered layouts/_navbar.html.erb (Duration: 0.7ms | Allocations: 124)
  Rendered layout layouts/application.html.erb (Duration: 23.5ms | Allocations: 11067)
Completed 200 OK in 29ms (Views: 27.2ms | Allocations: 12082)


Started GET "/" for ::1 at 2022-02-19 11:44:02 +0530
Processing by EventsController#welcome as HTML
  Rendering layout layouts/application.html.erb
  Rendering events/welcome.html.erb within layouts/application
  Rendered events/welcome.html.erb within layouts/application (Duration: 0.9ms | Allocations: 147)
  Rendered layouts/_navbar.html.erb (Duration: 0.6ms | Allocations: 123)
  Rendered layout layouts/application.html.erb (Duration: 24.5ms | Allocations: 9603)
Completed 200 OK in 29ms (Views: 26.9ms | Allocations: 10618)


Started GET "/" for ::1 at 2022-02-19 11:44:18 +0530
Processing by EventsController#welcome as HTML
  Rendering layout layouts/application.html.erb
  Rendering events/welcome.html.erb within layouts/application
  Rendered events/welcome.html.erb within layouts/application (Duration: 2.3ms | Allocations: 144)
  Rendered layouts/_navbar.html.erb (Duration: 0.7ms | Allocations: 123)
  Rendered layout layouts/application.html.erb (Duration: 25.9ms | Allocations: 7635)
Completed 200 OK in 33ms (Views: 30.7ms | Allocations: 8650)


Started GET "/" for ::1 at 2022-02-19 11:45:07 +0530
Processing by EventsController#welcome as HTML
  Rendering layout layouts/application.html.erb
  Rendering events/welcome.html.erb within layouts/application
  Rendered events/welcome.html.erb within layouts/application (Duration: 0.1ms | Allocations: 15)
  Rendered layouts/_navbar.html.erb (Duration: 0.1ms | Allocations: 13)
  Rendered layout layouts/application.html.erb (Duration: 10.2ms | Allocations: 6967)
Completed 200 OK in 12ms (Views: 10.9ms | Allocations: 7284)


Started GET "/" for ::1 at 2022-02-19 11:45:09 +0530
Processing by EventsController#welcome as HTML
  Rendering layout layouts/application.html.erb
  Rendering events/welcome.html.erb within layouts/application
  Rendered events/welcome.html.erb within layouts/application (Duration: 0.1ms | Allocations: 15)
  Rendered layouts/_navbar.html.erb (Duration: 0.0ms | Allocations: 13)
  Rendered layout layouts/application.html.erb (Duration: 6.9ms | Allocations: 6957)
Completed 200 OK in 8ms (Views: 7.7ms | Allocations: 7273)


Started GET "/" for ::1 at 2022-02-19 11:45:10 +0530
Processing by EventsController#welcome as HTML
  Rendering layout layouts/application.html.erb
  Rendering events/welcome.html.erb within layouts/application
  Rendered events/welcome.html.erb within layouts/application (Duration: 0.1ms | Allocations: 15)
  Rendered layouts/_navbar.html.erb (Duration: 0.1ms | Allocations: 13)
  Rendered layout layouts/application.html.erb (Duration: 7.8ms | Allocations: 6961)
Completed 200 OK in 9ms (Views: 8.2ms | Allocations: 7277)


Started GET "/" for ::1 at 2022-02-19 11:45:13 +0530
Processing by EventsController#welcome as HTML
  Rendering layout layouts/application.html.erb
  Rendering events/welcome.html.erb within layouts/application
  Rendered events/welcome.html.erb within layouts/application (Duration: 1.5ms | Allocations: 145)
  Rendered layouts/_navbar.html.erb (Duration: 0.7ms | Allocations: 123)
  Rendered layout layouts/application.html.erb (Duration: 29.6ms | Allocations: 9601)
Completed 200 OK in 36ms (Views: 33.9ms | Allocations: 10615)


Started GET "/" for ::1 at 2022-02-19 11:45:28 +0530
Processing by EventsController#welcome as HTML
  Rendering layout layouts/application.html.erb
  Rendering events/welcome.html.erb within layouts/application
  Rendered events/welcome.html.erb within layouts/application (Duration: 1.1ms | Allocations: 145)
  Rendered layouts/_navbar.html.erb (Duration: 0.6ms | Allocations: 123)
  Rendered layout layouts/application.html.erb (Duration: 21.2ms | Allocations: 7711)
Completed 200 OK in 26ms (Views: 24.7ms | Allocations: 8726)


Started GET "/" for ::1 at 2022-02-19 11:45:36 +0530
Processing by EventsController#welcome as HTML
  Rendering layout layouts/application.html.erb
  Rendering events/welcome.html.erb within layouts/application
  Rendered events/welcome.html.erb within layouts/application (Duration: 0.8ms | Allocations: 144)
  Rendered layouts/_navbar.html.erb (Duration: 0.6ms | Allocations: 123)
  Rendered layout layouts/application.html.erb (Duration: 23.7ms | Allocations: 11119)
Completed 200 OK in 27ms (Views: 25.8ms | Allocations: 12134)


Started GET "/" for ::1 at 2022-02-19 11:46:16 +0530
Processing by EventsController#welcome as HTML
  Rendering layout layouts/application.html.erb
  Rendering events/welcome.html.erb within layouts/application
  Rendered events/welcome.html.erb within layouts/application (Duration: 1.4ms | Allocations: 144)
  Rendered layouts/_navbar.html.erb (Duration: 0.7ms | Allocations: 123)
  Rendered layout layouts/application.html.erb (Duration: 18.8ms | Allocations: 7727)
Completed 200 OK in 25ms (Views: 23.2ms | Allocations: 8742)


Started GET "/" for ::1 at 2022-02-19 11:46:26 +0530
Processing by EventsController#welcome as HTML
  Rendering layout layouts/application.html.erb
  Rendering events/welcome.html.erb within layouts/application
  Rendered events/welcome.html.erb within layouts/application (Duration: 0.7ms | Allocations: 144)
  Rendered layouts/_navbar.html.erb (Duration: 0.5ms | Allocations: 123)
  Rendered layout layouts/application.html.erb (Duration: 17.1ms | Allocations: 9612)
Completed 200 OK in 20ms (Views: 19.3ms | Allocations: 10627)


Started GET "/" for ::1 at 2022-02-19 11:46:31 +0530
Processing by EventsController#welcome as HTML
  Rendering layout layouts/application.html.erb
  Rendering events/welcome.html.erb within layouts/application
  Rendered events/welcome.html.erb within layouts/application (Duration: 1.0ms | Allocations: 144)
  Rendered layouts/_navbar.html.erb (Duration: 1.0ms | Allocations: 123)
  Rendered layout layouts/application.html.erb (Duration: 25.5ms | Allocations: 9612)
Completed 200 OK in 31ms (Views: 29.1ms | Allocations: 10627)


Started GET "/" for ::1 at 2022-02-19 11:47:00 +0530
Processing by EventsController#welcome as HTML
  Rendering layout layouts/application.html.erb
  Rendering events/welcome.html.erb within layouts/application
  Rendered events/welcome.html.erb within layouts/application (Duration: 0.9ms | Allocations: 144)
  Rendered layouts/_navbar.html.erb (Duration: 0.6ms | Allocations: 123)
  Rendered layout layouts/application.html.erb (Duration: 17.7ms | Allocations: 7645)
Completed 200 OK in 23ms (Views: 21.4ms | Allocations: 8660)


Started GET "/" for ::1 at 2022-02-19 11:47:38 +0530
Processing by EventsController#welcome as HTML
  Rendering layout layouts/application.html.erb
  Rendering events/welcome.html.erb within layouts/application
  Rendered events/welcome.html.erb within layouts/application (Duration: 1.7ms | Allocations: 144)
  Rendered layouts/_navbar.html.erb (Duration: 0.8ms | Allocations: 128)
  Rendered layout layouts/application.html.erb (Duration: 35.2ms | Allocations: 9634)
Completed 200 OK in 42ms (Views: 40.0ms | Allocations: 10650)


Started GET "/" for ::1 at 2022-02-19 11:47:45 +0530
Processing by EventsController#welcome as HTML
  Rendering layout layouts/application.html.erb
  Rendering events/welcome.html.erb within layouts/application
  Rendered events/welcome.html.erb within layouts/application (Duration: 1.5ms | Allocations: 144)
  Rendered layouts/_navbar.html.erb (Duration: 0.7ms | Allocations: 123)
  Rendered layout layouts/application.html.erb (Duration: 29.0ms | Allocations: 10334)
Completed 200 OK in 36ms (Views: 34.1ms | Allocations: 11349)


Started GET "/" for ::1 at 2022-02-19 11:47:58 +0530
Processing by EventsController#welcome as HTML
  Rendering layout layouts/application.html.erb
  Rendering events/welcome.html.erb within layouts/application
  Rendered events/welcome.html.erb within layouts/application (Duration: 0.8ms | Allocations: 144)
  Rendered layouts/_navbar.html.erb (Duration: 0.7ms | Allocations: 123)
  Rendered layout layouts/application.html.erb (Duration: 29.2ms | Allocations: 9627)
Completed 200 OK in 33ms (Views: 31.8ms | Allocations: 10642)


Started GET "/" for ::1 at 2022-02-19 11:48:10 +0530
Processing by EventsController#welcome as HTML
  Rendering layout layouts/application.html.erb
  Rendering events/welcome.html.erb within layouts/application
  Rendered events/welcome.html.erb within layouts/application (Duration: 1.7ms | Allocations: 144)
  Rendered layouts/_navbar.html.erb (Duration: 0.6ms | Allocations: 123)
  Rendered layout layouts/application.html.erb (Duration: 23.7ms | Allocations: 7639)
Completed 200 OK in 30ms (Views: 28.5ms | Allocations: 8654)


Started GET "/" for ::1 at 2022-02-19 11:48:14 +0530
Processing by EventsController#welcome as HTML
  Rendering layout layouts/application.html.erb
  Rendering events/welcome.html.erb within layouts/application
  Rendered events/welcome.html.erb within layouts/application (Duration: 0.2ms | Allocations: 15)
  Rendered layouts/_navbar.html.erb (Duration: 0.1ms | Allocations: 13)
  Rendered layout layouts/application.html.erb (Duration: 23.6ms | Allocations: 6965)
Completed 200 OK in 26ms (Views: 25.1ms | Allocations: 7282)


Started GET "/" for ::1 at 2022-02-19 11:48:21 +0530
Processing by EventsController#welcome as HTML
  Rendering layout layouts/application.html.erb
  Rendering events/welcome.html.erb within layouts/application
  Rendered events/welcome.html.erb within layouts/application (Duration: 1.5ms | Allocations: 144)
  Rendered layouts/_navbar.html.erb (Duration: 0.7ms | Allocations: 123)
  Rendered layout layouts/application.html.erb (Duration: 23.2ms | Allocations: 7625)
Completed 200 OK in 30ms (Views: 27.4ms | Allocations: 8639)


Started GET "/" for ::1 at 2022-02-19 12:09:40 +0530
Processing by EventsController#welcome as HTML
  Rendering layout layouts/application.html.erb
  Rendering events/welcome.html.erb within layouts/application
  Rendered events/welcome.html.erb within layouts/application (Duration: 0.7ms | Allocations: 144)
  Rendered layouts/_navbar.html.erb (Duration: 0.7ms | Allocations: 123)
  Rendered layout layouts/application.html.erb (Duration: 17.6ms | Allocations: 10264)
Completed 200 OK in 21ms (Views: 19.6ms | Allocations: 11280)


Started GET "/" for ::1 at 2022-02-19 12:09:46 +0530
Processing by EventsController#welcome as HTML
  Rendering layout layouts/application.html.erb
  Rendering events/welcome.html.erb within layouts/application
  Rendered events/welcome.html.erb within layouts/application (Duration: 0.7ms | Allocations: 144)
  Rendered layouts/_navbar.html.erb (Duration: 0.5ms | Allocations: 123)
  Rendered layout layouts/application.html.erb (Duration: 20.7ms | Allocations: 9649)
Completed 200 OK in 24ms (Views: 22.9ms | Allocations: 10664)


Started GET "/" for ::1 at 2022-02-19 12:09:52 +0530
Processing by EventsController#welcome as HTML
  Rendering layout layouts/application.html.erb
  Rendering events/welcome.html.erb within layouts/application
  Rendered events/welcome.html.erb within layouts/application (Duration: 0.9ms | Allocations: 143)
  Rendered layouts/_navbar.html.erb (Duration: 0.8ms | Allocations: 124)
  Rendered layout layouts/application.html.erb (Duration: 25.6ms | Allocations: 10710)
Completed 200 OK in 30ms (Views: 28.9ms | Allocations: 11725)


Started GET "/" for ::1 at 2022-02-19 12:10:32 +0530
Processing by EventsController#welcome as HTML
  Rendering layout layouts/application.html.erb
  Rendering events/welcome.html.erb within layouts/application
  Rendered events/welcome.html.erb within layouts/application (Duration: 2.9ms | Allocations: 144)
  Rendered layouts/_navbar.html.erb (Duration: 0.6ms | Allocations: 123)
  Rendered layout layouts/application.html.erb (Duration: 20.9ms | Allocations: 7730)
Completed 200 OK in 27ms (Views: 25.4ms | Allocations: 8745)


Started GET "/" for ::1 at 2022-02-19 12:10:50 +0530
Processing by EventsController#welcome as HTML
  Rendering layout layouts/application.html.erb
  Rendering events/welcome.html.erb within layouts/application
  Rendered events/welcome.html.erb within layouts/application (Duration: 1.1ms | Allocations: 144)
  Rendered layouts/_navbar.html.erb (Duration: 0.8ms | Allocations: 123)
  Rendered layout layouts/application.html.erb (Duration: 17.9ms | Allocations: 7637)
Completed 200 OK in 25ms (Views: 22.5ms | Allocations: 8653)


Started GET "/" for ::1 at 2022-02-19 12:10:59 +0530
Processing by EventsController#welcome as HTML
  Rendering layout layouts/application.html.erb
  Rendering events/welcome.html.erb within layouts/application
  Rendered events/welcome.html.erb within layouts/application (Duration: 1.9ms | Allocations: 144)
  Rendered layouts/_navbar.html.erb (Duration: 0.7ms | Allocations: 123)
  Rendered layout layouts/application.html.erb (Duration: 33.1ms | Allocations: 9650)
Completed 200 OK in 41ms (Views: 39.1ms | Allocations: 10665)


Started GET "/" for ::1 at 2022-02-19 12:11:11 +0530
Processing by EventsController#welcome as HTML
  Rendering layout layouts/application.html.erb
  Rendering events/welcome.html.erb within layouts/application
  Rendered events/welcome.html.erb within layouts/application (Duration: 0.9ms | Allocations: 144)
  Rendered layouts/_navbar.html.erb (Duration: 0.7ms | Allocations: 123)
  Rendered layout layouts/application.html.erb (Duration: 23.7ms | Allocations: 10289)
Completed 200 OK in 31ms (Views: 29.0ms | Allocations: 11304)


Started GET "/" for ::1 at 2022-02-19 12:11:26 +0530
Processing by EventsController#welcome as HTML
  Rendering layout layouts/application.html.erb
  Rendering events/welcome.html.erb within layouts/application
  Rendered events/welcome.html.erb within layouts/application (Duration: 0.9ms | Allocations: 144)
  Rendered layouts/_navbar.html.erb (Duration: 0.7ms | Allocations: 123)
  Rendered layout layouts/application.html.erb (Duration: 24.6ms | Allocations: 10243)
Completed 200 OK in 28ms (Views: 27.4ms | Allocations: 11258)


Started GET "/" for ::1 at 2022-02-19 12:11:32 +0530
Processing by EventsController#welcome as HTML
  Rendering layout layouts/application.html.erb
  Rendering events/welcome.html.erb within layouts/application
  Rendered events/welcome.html.erb within layouts/application (Duration: 0.6ms | Allocations: 144)
  Rendered layouts/_navbar.html.erb (Duration: 1.6ms | Allocations: 123)
  Rendered layout layouts/application.html.erb (Duration: 24.2ms | Allocations: 10673)
Completed 200 OK in 27ms (Views: 26.0ms | Allocations: 11688)


Started GET "/" for ::1 at 2022-02-21 17:47:51 +0530
  [1m[35m (2.0ms)[0m  [1m[34mSELECT sqlite_version(*)[0m
  [1m[36mActiveRecord::SchemaMigration Pluck (0.5ms)[0m  [1m[34mSELECT "schema_migrations"."version" FROM "schema_migrations" ORDER BY "schema_migrations"."version" ASC[0m
Processing by EventsController#welcome as HTML
  Rendering layout layouts/application.html.erb
  Rendering events/welcome.html.erb within layouts/application
  Rendered events/welcome.html.erb within layouts/application (Duration: 2.2ms | Allocations: 391)
  Rendered layouts/_navbar.html.erb (Duration: 0.4ms | Allocations: 131)
  Rendered layout layouts/application.html.erb (Duration: 264.8ms | Allocations: 60316)
Completed 200 OK in 284ms (Views: 270.3ms | ActiveRecord: 0.0ms | Allocations: 65536)


Started GET "/" for ::1 at 2022-02-21 17:48:07 +0530
Processing by EventsController#welcome as HTML
  Rendering layout layouts/application.html.erb
  Rendering events/welcome.html.erb within layouts/application
  Rendered events/welcome.html.erb within layouts/application (Duration: 1.3ms | Allocations: 151)
  Rendered layouts/_navbar.html.erb (Duration: 0.7ms | Allocations: 123)
  Rendered layout layouts/application.html.erb (Duration: 21.3ms | Allocations: 7587)
Completed 200 OK in 28ms (Views: 25.9ms | ActiveRecord: 0.0ms | Allocations: 8610)


Started GET "/" for ::1 at 2022-02-21 17:48:48 +0530
Processing by EventsController#welcome as HTML
  Rendering layout layouts/application.html.erb
  Rendering events/welcome.html.erb within layouts/application
  Rendered events/welcome.html.erb within layouts/application (Duration: 0.3ms | Allocations: 15)
  Rendered layouts/_navbar.html.erb (Duration: 0.1ms | Allocations: 13)
  Rendered layout layouts/application.html.erb (Duration: 22.8ms | Allocations: 6940)
Completed 200 OK in 25ms (Views: 24.0ms | ActiveRecord: 0.0ms | Allocations: 7265)


Started GET "/" for ::1 at 2022-02-21 17:49:02 +0530
Processing by EventsController#welcome as HTML
  Rendering layout layouts/application.html.erb
  Rendering events/welcome.html.erb within layouts/application
  Rendered events/welcome.html.erb within layouts/application (Duration: 0.6ms | Allocations: 150)
  Rendered layouts/_navbar.html.erb (Duration: 0.7ms | Allocations: 123)
  Rendered layout layouts/application.html.erb (Duration: 16.0ms | Allocations: 7587)
Completed 200 OK in 19ms (Views: 18.3ms | ActiveRecord: 0.0ms | Allocations: 8604)


Started GET "/" for ::1 at 2022-02-21 17:49:10 +0530
Processing by EventsController#welcome as HTML
  Rendering layout layouts/application.html.erb
  Rendering events/welcome.html.erb within layouts/application
  Rendered events/welcome.html.erb within layouts/application (Duration: 0.7ms | Allocations: 149)
  Rendered layouts/_navbar.html.erb (Duration: 0.8ms | Allocations: 123)
  Rendered layout layouts/application.html.erb (Duration: 13.4ms | Allocations: 7590)
Completed 200 OK in 18ms (Views: 16.2ms | ActiveRecord: 0.0ms | Allocations: 8608)


Started GET "/" for ::1 at 2022-02-21 17:49:18 +0530
Processing by EventsController#welcome as HTML
  Rendering layout layouts/application.html.erb
  Rendering events/welcome.html.erb within layouts/application
  Rendered events/welcome.html.erb within layouts/application (Duration: 0.8ms | Allocations: 150)
  Rendered layouts/_navbar.html.erb (Duration: 0.6ms | Allocations: 123)
  Rendered layout layouts/application.html.erb (Duration: 17.2ms | Allocations: 7592)
Completed 200 OK in 21ms (Views: 19.7ms | ActiveRecord: 0.0ms | Allocations: 8615)


Started GET "/" for ::1 at 2022-02-21 17:49:42 +0530
Processing by EventsController#welcome as HTML
  Rendering layout layouts/application.html.erb
  Rendering events/welcome.html.erb within layouts/application
  Rendered events/welcome.html.erb within layouts/application (Duration: 1.7ms | Allocations: 150)
  Rendered layouts/_navbar.html.erb (Duration: 1.3ms | Allocations: 123)
  Rendered layout layouts/application.html.erb (Duration: 33.1ms | Allocations: 7585)
Completed 200 OK in 39ms (Views: 37.5ms | ActiveRecord: 0.0ms | Allocations: 8603)


Started GET "/" for ::1 at 2022-02-21 17:49:49 +0530
Processing by EventsController#welcome as HTML
  Rendering layout layouts/application.html.erb
  Rendering events/welcome.html.erb within layouts/application
  Rendered events/welcome.html.erb within layouts/application (Duration: 0.7ms | Allocations: 150)
  Rendered layouts/_navbar.html.erb (Duration: 0.8ms | Allocations: 123)
  Rendered layout layouts/application.html.erb (Duration: 13.2ms | Allocations: 7589)
Completed 200 OK in 17ms (Views: 15.9ms | ActiveRecord: 0.0ms | Allocations: 8607)


Started GET "/" for ::1 at 2022-02-21 17:50:07 +0530
Processing by EventsController#welcome as HTML
  Rendering layout layouts/application.html.erb
  Rendering events/welcome.html.erb within layouts/application
  Rendered events/welcome.html.erb within layouts/application (Duration: 0.9ms | Allocations: 150)
  Rendered layouts/_navbar.html.erb (Duration: 0.6ms | Allocations: 123)
  Rendered layout layouts/application.html.erb (Duration: 16.6ms | Allocations: 7584)
Completed 200 OK in 22ms (Views: 20.3ms | ActiveRecord: 0.0ms | Allocations: 8607)


Started GET "/" for ::1 at 2022-02-21 17:50:08 +0530
Processing by EventsController#welcome as HTML
  Rendering layout layouts/application.html.erb
  Rendering events/welcome.html.erb within layouts/application
  Rendered events/welcome.html.erb within layouts/application (Duration: 0.1ms | Allocations: 15)
  Rendered layouts/_navbar.html.erb (Duration: 0.1ms | Allocations: 13)
  Rendered layout layouts/application.html.erb (Duration: 19.9ms | Allocations: 6943)
Completed 200 OK in 22ms (Views: 21.0ms | ActiveRecord: 0.0ms | Allocations: 7263)


Started GET "/" for ::1 at 2022-02-21 17:52:32 +0530
Processing by EventsController#welcome as HTML
  Rendering layout layouts/application.html.erb
  Rendering events/welcome.html.erb within layouts/application
  Rendered events/welcome.html.erb within layouts/application (Duration: 0.8ms | Allocations: 150)
  Rendered layouts/_navbar.html.erb (Duration: 0.6ms | Allocations: 123)
  Rendered layout layouts/application.html.erb (Duration: 15.2ms | Allocations: 7585)
Completed 200 OK in 19ms (Views: 17.6ms | ActiveRecord: 0.0ms | Allocations: 8602)


Started GET "/" for ::1 at 2022-02-21 17:52:39 +0530
Processing by EventsController#welcome as HTML
  Rendering layout layouts/application.html.erb
  Rendering events/welcome.html.erb within layouts/application
  Rendered events/welcome.html.erb within layouts/application (Duration: 0.7ms | Allocations: 150)
  Rendered layouts/_navbar.html.erb (Duration: 0.6ms | Allocations: 123)
  Rendered layout layouts/application.html.erb (Duration: 14.2ms | Allocations: 7587)
Completed 200 OK in 17ms (Views: 16.4ms | ActiveRecord: 0.0ms | Allocations: 8606)


Started GET "/" for ::1 at 2022-02-21 17:53:03 +0530
Processing by EventsController#welcome as HTML
  Rendering layout layouts/application.html.erb
  Rendering events/welcome.html.erb within layouts/application
  Rendered events/welcome.html.erb within layouts/application (Duration: 0.6ms | Allocations: 149)
  Rendered layouts/_navbar.html.erb (Duration: 0.6ms | Allocations: 126)
  Rendered layout layouts/application.html.erb (Duration: 21.4ms | Allocations: 7599)
Completed 200 OK in 25ms (Views: 24.0ms | ActiveRecord: 0.0ms | Allocations: 8618)


Started GET "/" for ::1 at 2022-02-21 17:53:08 +0530
Processing by EventsController#welcome as HTML
  Rendering layout layouts/application.html.erb
  Rendering events/welcome.html.erb within layouts/application
  Rendered events/welcome.html.erb within layouts/application (Duration: 1.7ms | Allocations: 149)
  Rendered layouts/_navbar.html.erb (Duration: 0.7ms | Allocations: 123)
  Rendered layout layouts/application.html.erb (Duration: 22.8ms | Allocations: 7658)
Completed 200 OK in 29ms (Views: 26.8ms | ActiveRecord: 0.0ms | Allocations: 8677)


Started GET "/" for ::1 at 2022-02-21 17:54:16 +0530
Processing by EventsController#welcome as HTML
  Rendering layout layouts/application.html.erb
  Rendering events/welcome.html.erb within layouts/application
  Rendered events/welcome.html.erb within layouts/application (Duration: 0.8ms | Allocations: 150)
  Rendered layouts/_navbar.html.erb (Duration: 0.6ms | Allocations: 123)
  Rendered layout layouts/application.html.erb (Duration: 14.6ms | Allocations: 7591)
Completed 200 OK in 19ms (Views: 17.8ms | Allocations: 8606)


Started GET "/" for ::1 at 2022-02-21 17:54:29 +0530
Processing by EventsController#welcome as HTML
  Rendering layout layouts/application.html.erb
  Rendering events/welcome.html.erb within layouts/application
  Rendered events/welcome.html.erb within layouts/application (Duration: 0.1ms | Allocations: 15)
  Rendered layouts/_navbar.html.erb (Duration: 0.1ms | Allocations: 13)
  Rendered layout layouts/application.html.erb (Duration: 16.3ms | Allocations: 6951)
Completed 200 OK in 18ms (Views: 17.2ms | Allocations: 7268)


Started GET "/" for ::1 at 2022-02-21 17:54:45 +0530
Processing by EventsController#welcome as HTML
  Rendering layout layouts/application.html.erb
  Rendering events/welcome.html.erb within layouts/application
  Rendered events/welcome.html.erb within layouts/application (Duration: 0.2ms | Allocations: 15)
  Rendered layouts/_navbar.html.erb (Duration: 0.1ms | Allocations: 13)
  Rendered layout layouts/application.html.erb (Duration: 20.2ms | Allocations: 6954)
Completed 200 OK in 22ms (Views: 21.4ms | Allocations: 7270)


Started GET "/" for ::1 at 2022-02-21 17:56:02 +0530
Processing by EventsController#welcome as HTML
  Rendering layout layouts/application.html.erb
  Rendering events/welcome.html.erb within layouts/application
  Rendered events/welcome.html.erb within layouts/application (Duration: 1.7ms | Allocations: 150)
  Rendered layouts/_navbar.html.erb (Duration: 0.6ms | Allocations: 123)
  Rendered layout layouts/application.html.erb (Duration: 24.8ms | Allocations: 7595)
Completed 200 OK in 31ms (Views: 29.3ms | Allocations: 8609)


Started GET "/" for ::1 at 2022-02-21 17:56:43 +0530
Processing by EventsController#welcome as HTML
  Rendering layout layouts/application.html.erb
  Rendering events/welcome.html.erb within layouts/application
  Rendered events/welcome.html.erb within layouts/application (Duration: 1.5ms | Allocations: 151)
  Rendered layouts/_navbar.html.erb (Duration: 0.6ms | Allocations: 123)
  Rendered layout layouts/application.html.erb (Duration: 20.6ms | Allocations: 7586)
Completed 200 OK in 27ms (Views: 24.9ms | Allocations: 8601)


Started GET "/" for ::1 at 2022-02-21 17:56:44 +0530
Processing by EventsController#welcome as HTML
  Rendering layout layouts/application.html.erb
  Rendering events/welcome.html.erb within layouts/application
  Rendered events/welcome.html.erb within layouts/application (Duration: 0.1ms | Allocations: 15)
  Rendered layouts/_navbar.html.erb (Duration: 0.1ms | Allocations: 13)
  Rendered layout layouts/application.html.erb (Duration: 18.1ms | Allocations: 6941)
Completed 200 OK in 20ms (Views: 19.1ms | Allocations: 7258)


Started GET "/" for ::1 at 2022-02-21 17:56:55 +0530
Processing by EventsController#welcome as HTML
  Rendering layout layouts/application.html.erb
  Rendering events/welcome.html.erb within layouts/application
  Rendered events/welcome.html.erb within layouts/application (Duration: 0.9ms | Allocations: 150)
  Rendered layouts/_navbar.html.erb (Duration: 0.6ms | Allocations: 124)
  Rendered layout layouts/application.html.erb (Duration: 17.5ms | Allocations: 7584)
Completed 200 OK in 24ms (Views: 21.9ms | Allocations: 8598)


Started GET "/" for ::1 at 2022-02-21 18:36:28 +0530
Processing by EventsController#welcome as HTML
  Rendering layout layouts/application.html.erb
  Rendering events/welcome.html.erb within layouts/application
  Rendered events/welcome.html.erb within layouts/application (Duration: 0.1ms | Allocations: 15)
  Rendered layouts/_navbar.html.erb (Duration: 0.1ms | Allocations: 13)
  Rendered layout layouts/application.html.erb (Duration: 16.1ms | Allocations: 6947)
Completed 200 OK in 17ms (Views: 16.7ms | Allocations: 7264)


Started GET "/" for ::1 at 2022-02-21 18:40:49 +0530
Processing by EventsController#welcome as HTML
  Rendering layout layouts/application.html.erb
  Rendering events/welcome.html.erb within layouts/application
  Rendered events/welcome.html.erb within layouts/application (Duration: 0.8ms | Allocations: 146)
  Rendered layouts/_navbar.html.erb (Duration: 1.2ms | Allocations: 123)
  Rendered layout layouts/application.html.erb (Duration: 16.1ms | Allocations: 7579)
Completed 200 OK in 25ms (Views: 23.3ms | Allocations: 8593)


Started GET "/" for ::1 at 2022-02-21 18:41:12 +0530
Processing by EventsController#welcome as HTML
  Rendering layout layouts/application.html.erb
  Rendering events/welcome.html.erb within layouts/application
  Rendered events/welcome.html.erb within layouts/application (Duration: 0.2ms | Allocations: 15)
  Rendered layouts/_navbar.html.erb (Duration: 0.1ms | Allocations: 13)
  Rendered layout layouts/application.html.erb (Duration: 47.3ms | Allocations: 21656)
Completed 200 OK in 50ms (Views: 48.6ms | Allocations: 21979)


Started GET "/" for ::1 at 2022-02-21 18:41:23 +0530
Processing by EventsController#welcome as HTML
  Rendering layout layouts/application.html.erb
  Rendering events/welcome.html.erb within layouts/application
  Rendered events/welcome.html.erb within layouts/application (Duration: 0.4ms | Allocations: 149)
  Rendered layouts/_navbar.html.erb (Duration: 0.3ms | Allocations: 123)
  Rendered layout layouts/application.html.erb (Duration: 6.8ms | Allocations: 7582)
Completed 200 OK in 9ms (Views: 8.0ms | Allocations: 8596)


Started GET "/" for ::1 at 2022-02-21 18:41:24 +0530
Processing by EventsController#welcome as HTML
  Rendering layout layouts/application.html.erb
  Rendering events/welcome.html.erb within layouts/application
  Rendered events/welcome.html.erb within layouts/application (Duration: 0.2ms | Allocations: 15)
  Rendered layouts/_navbar.html.erb (Duration: 0.1ms | Allocations: 13)
  Rendered layout layouts/application.html.erb (Duration: 26.5ms | Allocations: 7044)
Completed 200 OK in 29ms (Views: 27.6ms | Allocations: 7363)


Started GET "/" for ::1 at 2022-02-21 18:41:39 +0530
Processing by EventsController#welcome as HTML
  Rendering layout layouts/application.html.erb
  Rendering events/welcome.html.erb within layouts/application
  Rendered events/welcome.html.erb within layouts/application (Duration: 1.1ms | Allocations: 157)
  Rendered layouts/_navbar.html.erb (Duration: 0.7ms | Allocations: 123)
  Rendered layout layouts/application.html.erb (Duration: 16.1ms | Allocations: 7670)
Completed 200 OK in 20ms (Views: 19.1ms | Allocations: 8685)


Started GET "/" for ::1 at 2022-02-21 18:41:45 +0530
Processing by EventsController#welcome as HTML
  Rendering layout layouts/application.html.erb
  Rendering events/welcome.html.erb within layouts/application
  Rendered events/welcome.html.erb within layouts/application (Duration: 0.5ms | Allocations: 148)
  Rendered layouts/_navbar.html.erb (Duration: 0.6ms | Allocations: 123)
  Rendered layout layouts/application.html.erb (Duration: 14.6ms | Allocations: 7589)
Completed 200 OK in 18ms (Views: 16.8ms | Allocations: 8604)


Started GET "/" for ::1 at 2022-02-21 18:41:59 +0530
Processing by EventsController#welcome as HTML
  Rendering layout layouts/application.html.erb
  Rendering events/welcome.html.erb within layouts/application
  Rendered events/welcome.html.erb within layouts/application (Duration: 0.7ms | Allocations: 150)
  Rendered layouts/_navbar.html.erb (Duration: 0.5ms | Allocations: 123)
  Rendered layout layouts/application.html.erb (Duration: 15.0ms | Allocations: 7594)
Completed 200 OK in 18ms (Views: 17.2ms | Allocations: 8609)


Started GET "/" for ::1 at 2022-02-21 18:42:06 +0530
Processing by EventsController#welcome as HTML
  Rendering layout layouts/application.html.erb
  Rendering events/welcome.html.erb within layouts/application
  Rendered events/welcome.html.erb within layouts/application (Duration: 0.6ms | Allocations: 149)
  Rendered layouts/_navbar.html.erb (Duration: 0.7ms | Allocations: 124)
  Rendered layout layouts/application.html.erb (Duration: 14.6ms | Allocations: 7594)
Completed 200 OK in 18ms (Views: 17.0ms | Allocations: 8610)


Started GET "/" for ::1 at 2022-02-21 20:22:30 +0530
Processing by EventsController#welcome as HTML
  Rendering layout layouts/application.html.erb
  Rendering events/welcome.html.erb within layouts/application
  Rendered events/welcome.html.erb within layouts/application (Duration: 1.0ms | Allocations: 147)
  Rendered layouts/_navbar.html.erb (Duration: 0.5ms | Allocations: 123)
  Rendered layout layouts/application.html.erb (Duration: 28.0ms | Allocations: 11042)
Completed 200 OK in 32ms (Views: 31.1ms | Allocations: 12057)


Started GET "/" for ::1 at 2022-02-21 20:22:50 +0530
Processing by EventsController#welcome as HTML
  Rendering layout layouts/application.html.erb
  Rendering events/welcome.html.erb within layouts/application
  Rendered events/welcome.html.erb within layouts/application (Duration: 0.8ms | Allocations: 145)
  Rendered layouts/_navbar.html.erb (Duration: 0.6ms | Allocations: 123)
  Rendered layout layouts/application.html.erb (Duration: 23.0ms | Allocations: 11561)
Completed 200 OK in 27ms (Views: 25.7ms | Allocations: 12576)


Started GET "/" for ::1 at 2022-02-21 20:22:53 +0530
Processing by EventsController#welcome as HTML
  Rendering layout layouts/application.html.erb
  Rendering events/welcome.html.erb within layouts/application
  Rendered events/welcome.html.erb within layouts/application (Duration: 0.1ms | Allocations: 15)
  Rendered layouts/_navbar.html.erb (Duration: 0.1ms | Allocations: 13)
  Rendered layout layouts/application.html.erb (Duration: 11.6ms | Allocations: 6939)
Completed 200 OK in 13ms (Views: 12.4ms | Allocations: 7256)


Started GET "/" for ::1 at 2022-02-21 20:23:02 +0530
  [1m[35m (1.5ms)[0m  [1m[34mSELECT sqlite_version(*)[0m
  [1m[36mActiveRecord::SchemaMigration Pluck (0.2ms)[0m  [1m[34mSELECT "schema_migrations"."version" FROM "schema_migrations" ORDER BY "schema_migrations"."version" ASC[0m
Processing by EventsController#welcome as HTML
  Rendering layout layouts/application.html.erb
  Rendering events/welcome.html.erb within layouts/application
  Rendered events/welcome.html.erb within layouts/application (Duration: 1.5ms | Allocations: 387)
  Rendered layouts/_navbar.html.erb (Duration: 0.4ms | Allocations: 131)
  Rendered layout layouts/application.html.erb (Duration: 341.3ms | Allocations: 61440)
Completed 200 OK in 357ms (Views: 345.9ms | ActiveRecord: 0.0ms | Allocations: 66661)


Started GET "/" for ::1 at 2022-02-21 20:23:06 +0530
Processing by EventsController#welcome as HTML
  Rendering layout layouts/application.html.erb
  Rendering events/welcome.html.erb within layouts/application
  Rendered events/welcome.html.erb within layouts/application (Duration: 0.1ms | Allocations: 15)
  Rendered layouts/_navbar.html.erb (Duration: 0.1ms | Allocations: 13)
  Rendered layout layouts/application.html.erb (Duration: 15.0ms | Allocations: 6946)
Completed 200 OK in 17ms (Views: 16.1ms | ActiveRecord: 0.0ms | Allocations: 7271)


Started GET "/" for ::1 at 2022-02-21 20:23:46 +0530
Processing by EventsController#welcome as HTML
  Rendering layout layouts/application.html.erb
  Rendering events/welcome.html.erb within layouts/application
  Rendered events/welcome.html.erb within layouts/application (Duration: 0.1ms | Allocations: 15)
  Rendered layouts/_navbar.html.erb (Duration: 0.1ms | Allocations: 13)
  Rendered layout layouts/application.html.erb (Duration: 12.6ms | Allocations: 6956)
Completed 200 OK in 15ms (Views: 13.7ms | ActiveRecord: 0.0ms | Allocations: 7275)


Started GET "/" for ::1 at 2022-02-21 20:24:10 +0530
Processing by EventsController#welcome as HTML
  Rendering layout layouts/application.html.erb
  Rendering events/welcome.html.erb within layouts/application
  Rendered events/welcome.html.erb within layouts/application (Duration: 0.3ms | Allocations: 15)
  Rendered layouts/_navbar.html.erb (Duration: 0.1ms | Allocations: 13)
  Rendered layout layouts/application.html.erb (Duration: 26.0ms | Allocations: 11866)
Completed 200 OK in 29ms (Views: 27.7ms | ActiveRecord: 0.0ms | Allocations: 12189)


Started GET "/" for ::1 at 2022-02-21 20:25:22 +0530
  [1m[35m (0.7ms)[0m  [1m[34mSELECT sqlite_version(*)[0m
  [1m[36mActiveRecord::SchemaMigration Pluck (0.1ms)[0m  [1m[34mSELECT "schema_migrations"."version" FROM "schema_migrations" ORDER BY "schema_migrations"."version" ASC[0m
Processing by EventsController#welcome as HTML
  Rendering layout layouts/application.html.erb
  Rendering events/welcome.html.erb within layouts/application
  Rendered events/welcome.html.erb within layouts/application (Duration: 0.9ms | Allocations: 387)
  Rendered layouts/_navbar.html.erb (Duration: 0.4ms | Allocations: 128)
  Rendered layout layouts/application.html.erb (Duration: 85.5ms | Allocations: 64506)
Completed 200 OK in 97ms (Views: 87.7ms | ActiveRecord: 0.0ms | Allocations: 69724)


Started GET "/" for ::1 at 2022-02-21 20:25:47 +0530
Processing by EventsController#welcome as HTML
  Rendering layout layouts/application.html.erb
  Rendering events/welcome.html.erb within layouts/application
  Rendered events/welcome.html.erb within layouts/application (Duration: 0.2ms | Allocations: 15)
  Rendered layouts/_navbar.html.erb (Duration: 0.1ms | Allocations: 13)
  Rendered layout layouts/application.html.erb (Duration: 24.1ms | Allocations: 9815)
Completed 200 OK in 27ms (Views: 25.3ms | ActiveRecord: 0.0ms | Allocations: 10141)


Started GET "/" for ::1 at 2022-02-21 20:25:49 +0530
Processing by EventsController#welcome as HTML
  Rendering layout layouts/application.html.erb
  Rendering events/welcome.html.erb within layouts/application
  Rendered events/welcome.html.erb within layouts/application (Duration: 0.2ms | Allocations: 15)
  Rendered layouts/_navbar.html.erb (Duration: 0.1ms | Allocations: 13)
  Rendered layout layouts/application.html.erb (Duration: 16.4ms | Allocations: 6945)
Completed 200 OK in 18ms (Views: 17.5ms | ActiveRecord: 0.0ms | Allocations: 7264)


Started GET "/" for ::1 at 2022-02-21 20:25:59 +0530
Processing by EventsController#welcome as HTML
  Rendering layout layouts/application.html.erb
  Rendering events/welcome.html.erb within layouts/application
  Rendered events/welcome.html.erb within layouts/application (Duration: 0.2ms | Allocations: 15)
  Rendered layouts/_navbar.html.erb (Duration: 0.1ms | Allocations: 13)
  Rendered layout layouts/application.html.erb (Duration: 23.1ms | Allocations: 10616)
Completed 200 OK in 25ms (Views: 24.3ms | ActiveRecord: 0.0ms | Allocations: 10939)


Started GET "/" for ::1 at 2022-02-21 20:26:07 +0530
Processing by EventsController#welcome as HTML
  Rendering layout layouts/application.html.erb
  Rendering events/welcome.html.erb within layouts/application
  Rendered events/welcome.html.erb within layouts/application (Duration: 0.9ms | Allocations: 151)
  Rendered layouts/_navbar.html.erb (Duration: 0.7ms | Allocations: 123)
  Rendered layout layouts/application.html.erb (Duration: 16.5ms | Allocations: 7628)
Completed 200 OK in 21ms (Views: 19.4ms | ActiveRecord: 0.0ms | Allocations: 8646)


Started GET "/" for ::1 at 2022-02-21 20:26:09 +0530
Processing by EventsController#welcome as HTML
  Rendering layout layouts/application.html.erb
  Rendering events/welcome.html.erb within layouts/application
  Rendered events/welcome.html.erb within layouts/application (Duration: 1.3ms | Allocations: 145)
  Rendered layouts/_navbar.html.erb (Duration: 0.7ms | Allocations: 123)
  Rendered layout layouts/application.html.erb (Duration: 18.8ms | Allocations: 7621)
Completed 200 OK in 24ms (Views: 22.4ms | ActiveRecord: 0.0ms | Allocations: 8644)


Started GET "/" for ::1 at 2022-02-21 20:26:23 +0530
  [1m[35m (0.4ms)[0m  [1m[34mSELECT sqlite_version(*)[0m
  [1m[36mActiveRecord::SchemaMigration Pluck (0.1ms)[0m  [1m[34mSELECT "schema_migrations"."version" FROM "schema_migrations" ORDER BY "schema_migrations"."version" ASC[0m
Processing by EventsController#welcome as HTML
  Rendering layout layouts/application.html.erb
  Rendering events/welcome.html.erb within layouts/application
  Rendered events/welcome.html.erb within layouts/application (Duration: 0.6ms | Allocations: 387)
  Rendered layouts/_navbar.html.erb (Duration: 0.5ms | Allocations: 131)
  Rendered layout layouts/application.html.erb (Duration: 164.9ms | Allocations: 61486)
Completed 200 OK in 172ms (Views: 167.0ms | ActiveRecord: 0.0ms | Allocations: 66706)


Started GET "/" for ::1 at 2022-02-21 20:26:24 +0530
Processing by EventsController#welcome as HTML
  Rendering layout layouts/application.html.erb
  Rendering events/welcome.html.erb within layouts/application
  Rendered events/welcome.html.erb within layouts/application (Duration: 0.1ms | Allocations: 15)
  Rendered layouts/_navbar.html.erb (Duration: 0.1ms | Allocations: 13)
  Rendered layout layouts/application.html.erb (Duration: 7.4ms | Allocations: 6948)
Completed 200 OK in 8ms (Views: 7.8ms | ActiveRecord: 0.0ms | Allocations: 7273)


Started GET "/" for ::1 at 2022-02-21 20:26:34 +0530
Processing by EventsController#welcome as HTML
  Rendering layout layouts/application.html.erb
  Rendering events/welcome.html.erb within layouts/application
  Rendered events/welcome.html.erb within layouts/application (Duration: 0.1ms | Allocations: 15)
  Rendered layouts/_navbar.html.erb (Duration: 0.1ms | Allocations: 13)
  Rendered layout layouts/application.html.erb (Duration: 18.2ms | Allocations: 11429)
Completed 200 OK in 20ms (Views: 19.1ms | ActiveRecord: 0.0ms | Allocations: 11752)


Started GET "/" for ::1 at 2022-02-21 20:26:36 +0530
Processing by EventsController#welcome as HTML
  Rendering layout layouts/application.html.erb
  Rendering events/welcome.html.erb within layouts/application
  Rendered events/welcome.html.erb within layouts/application (Duration: 0.2ms | Allocations: 15)
  Rendered layouts/_navbar.html.erb (Duration: 0.1ms | Allocations: 13)
  Rendered layout layouts/application.html.erb (Duration: 22.5ms | Allocations: 6954)
Completed 200 OK in 25ms (Views: 23.8ms | ActiveRecord: 0.0ms | Allocations: 7277)


Started GET "/" for ::1 at 2022-02-21 20:26:44 +0530
  [1m[35m (0.4ms)[0m  [1m[34mSELECT sqlite_version(*)[0m
  [1m[36mActiveRecord::SchemaMigration Pluck (0.1ms)[0m  [1m[34mSELECT "schema_migrations"."version" FROM "schema_migrations" ORDER BY "schema_migrations"."version" ASC[0m
Processing by EventsController#welcome as HTML
  Rendering layout layouts/application.html.erb
  Rendering events/welcome.html.erb within layouts/application
  Rendered events/welcome.html.erb within layouts/application (Duration: 0.8ms | Allocations: 387)
  Rendered layouts/_navbar.html.erb (Duration: 0.5ms | Allocations: 131)
  Rendered layout layouts/application.html.erb (Duration: 150.5ms | Allocations: 61562)
Completed 200 OK in 158ms (Views: 153.0ms | ActiveRecord: 0.0ms | Allocations: 66782)


Started GET "/" for ::1 at 2022-02-21 20:26:54 +0530
  [1m[35m (0.7ms)[0m  [1m[34mSELECT sqlite_version(*)[0m
  [1m[36mActiveRecord::SchemaMigration Pluck (0.2ms)[0m  [1m[34mSELECT "schema_migrations"."version" FROM "schema_migrations" ORDER BY "schema_migrations"."version" ASC[0m
Processing by EventsController#welcome as HTML
  Rendering layout layouts/application.html.erb
  Rendering events/welcome.html.erb within layouts/application
  Rendered events/welcome.html.erb within layouts/application (Duration: 0.9ms | Allocations: 387)
  Rendered layouts/_navbar.html.erb (Duration: 0.4ms | Allocations: 128)
  Rendered layout layouts/application.html.erb (Duration: 73.0ms | Allocations: 63199)
Completed 200 OK in 89ms (Views: 82.1ms | ActiveRecord: 0.0ms | Allocations: 68417)


Started GET "/" for ::1 at 2022-02-21 20:27:16 +0530
Processing by EventsController#welcome as HTML
  Rendering layout layouts/application.html.erb
  Rendering events/welcome.html.erb within layouts/application
  Rendered events/welcome.html.erb within layouts/application (Duration: 0.1ms | Allocations: 15)
  Rendered layouts/_navbar.html.erb (Duration: 0.1ms | Allocations: 13)
  Rendered layout layouts/application.html.erb (Duration: 14.7ms | Allocations: 7460)
Completed 200 OK in 16ms (Views: 15.4ms | ActiveRecord: 0.0ms | Allocations: 7787)


Started GET "/" for ::1 at 2022-02-21 20:27:22 +0530
Processing by EventsController#welcome as HTML
  Rendering layout layouts/application.html.erb
  Rendering events/welcome.html.erb within layouts/application
  Rendered events/welcome.html.erb within layouts/application (Duration: 0.2ms | Allocations: 15)
  Rendered layouts/_navbar.html.erb (Duration: 0.1ms | Allocations: 13)
  Rendered layout layouts/application.html.erb (Duration: 16.3ms | Allocations: 7043)
Completed 200 OK in 18ms (Views: 17.4ms | ActiveRecord: 0.0ms | Allocations: 7363)


Started GET "/" for ::1 at 2022-02-21 20:32:03 +0530
Processing by EventsController#welcome as HTML
  Rendering layout layouts/application.html.erb
  Rendering events/welcome.html.erb within layouts/application
  Rendered events/welcome.html.erb within layouts/application (Duration: 0.2ms | Allocations: 15)
  Rendered layouts/_navbar.html.erb (Duration: 0.1ms | Allocations: 13)
  Rendered layout layouts/application.html.erb (Duration: 32.2ms | Allocations: 14941)
Completed 200 OK in 34ms (Views: 33.4ms | ActiveRecord: 0.0ms | Allocations: 15264)


Started GET "/" for ::1 at 2022-02-21 20:32:11 +0530
Processing by EventsController#welcome as HTML
  Rendering layout layouts/application.html.erb
  Rendering events/welcome.html.erb within layouts/application
  Rendered events/welcome.html.erb within layouts/application (Duration: 0.2ms | Allocations: 15)
  Rendered layouts/_navbar.html.erb (Duration: 0.1ms | Allocations: 13)
  Rendered layout layouts/application.html.erb (Duration: 32.1ms | Allocations: 14502)
Completed 200 OK in 34ms (Views: 33.3ms | ActiveRecord: 0.0ms | Allocations: 14821)


Started GET "/" for ::1 at 2022-02-21 20:32:22 +0530
Processing by EventsController#welcome as HTML
  Rendering layout layouts/application.html.erb
  Rendering events/welcome.html.erb within layouts/application
  Rendered events/welcome.html.erb within layouts/application (Duration: 0.2ms | Allocations: 15)
  Rendered layouts/_navbar.html.erb (Duration: 0.1ms | Allocations: 13)
  Rendered layout layouts/application.html.erb (Duration: 31.2ms | Allocations: 13897)
Completed 200 OK in 34ms (Views: 32.5ms | ActiveRecord: 0.0ms | Allocations: 14220)


Started GET "/" for ::1 at 2022-02-21 20:32:25 +0530
Processing by EventsController#welcome as HTML
  Rendering layout layouts/application.html.erb
  Rendering events/welcome.html.erb within layouts/application
  Rendered events/welcome.html.erb within layouts/application (Duration: 0.2ms | Allocations: 15)
  Rendered layouts/_navbar.html.erb (Duration: 0.1ms | Allocations: 13)
  Rendered layout layouts/application.html.erb (Duration: 21.8ms | Allocations: 6955)
Completed 200 OK in 24ms (Views: 23.2ms | ActiveRecord: 0.0ms | Allocations: 7274)


Started GET "/" for ::1 at 2022-02-21 20:33:18 +0530
Processing by EventsController#welcome as HTML
  Rendering layout layouts/application.html.erb
  Rendering events/welcome.html.erb within layouts/application
  Rendered events/welcome.html.erb within layouts/application (Duration: 0.2ms | Allocations: 15)
  Rendered layouts/_navbar.html.erb (Duration: 0.1ms | Allocations: 13)
  Rendered layout layouts/application.html.erb (Duration: 34.7ms | Allocations: 10978)
Completed 200 OK in 37ms (Views: 36.4ms | Allocations: 11294)


Started GET "/" for ::1 at 2022-02-21 20:33:20 +0530
Processing by EventsController#welcome as HTML
  Rendering layout layouts/application.html.erb
  Rendering events/welcome.html.erb within layouts/application
  Rendered events/welcome.html.erb within layouts/application (Duration: 0.2ms | Allocations: 15)
  Rendered layouts/_navbar.html.erb (Duration: 0.1ms | Allocations: 13)
  Rendered layout layouts/application.html.erb (Duration: 18.2ms | Allocations: 6949)
Completed 200 OK in 20ms (Views: 19.3ms | Allocations: 7265)


Started GET "/" for ::1 at 2022-02-21 21:23:11 +0530
Processing by EventsController#welcome as HTML
  Rendering layout layouts/application.html.erb
  Rendering events/welcome.html.erb within layouts/application
  Rendered events/welcome.html.erb within layouts/application (Duration: 0.1ms | Allocations: 15)
  Rendered layouts/_navbar.html.erb (Duration: 0.1ms | Allocations: 13)
  Rendered layout layouts/application.html.erb (Duration: 14.5ms | Allocations: 7617)
Completed 200 OK in 16ms (Views: 15.3ms | Allocations: 7933)


Started GET "/" for ::1 at 2022-02-21 21:23:36 +0530
Processing by EventsController#welcome as HTML
  Rendering layout layouts/application.html.erb
  Rendering events/welcome.html.erb within layouts/application
  Rendered events/welcome.html.erb within layouts/application (Duration: 1.1ms | Allocations: 151)
  Rendered layouts/_navbar.html.erb (Duration: 0.8ms | Allocations: 123)
  Rendered layout layouts/application.html.erb (Duration: 24.9ms | Allocations: 10188)
Completed 200 OK in 30ms (Views: 28.9ms | Allocations: 11203)


Started GET "/" for ::1 at 2022-02-21 21:23:47 +0530
Processing by EventsController#welcome as HTML
  Rendering layout layouts/application.html.erb
  Rendering events/welcome.html.erb within layouts/application
  Rendered events/welcome.html.erb within layouts/application (Duration: 0.7ms | Allocations: 146)
  Rendered layouts/_navbar.html.erb (Duration: 0.5ms | Allocations: 123)
  Rendered layout layouts/application.html.erb (Duration: 16.4ms | Allocations: 7615)
Completed 200 OK in 20ms (Views: 18.9ms | Allocations: 8631)


Started GET "/" for ::1 at 2022-02-21 21:23:54 +0530
Processing by EventsController#welcome as HTML
  Rendering layout layouts/application.html.erb
  Rendering events/welcome.html.erb within layouts/application
  Rendered events/welcome.html.erb within layouts/application (Duration: 1.1ms | Allocations: 145)
  Rendered layouts/_navbar.html.erb (Duration: 0.6ms | Allocations: 126)
  Rendered layout layouts/application.html.erb (Duration: 20.8ms | Allocations: 7823)
Completed 200 OK in 26ms (Views: 24.3ms | Allocations: 8844)


Started GET "/" for ::1 at 2022-02-21 21:24:00 +0530
Processing by EventsController#welcome as HTML
  Rendering layout layouts/application.html.erb
  Rendering events/welcome.html.erb within layouts/application
  Rendered events/welcome.html.erb within layouts/application (Duration: 1.8ms | Allocations: 145)
  Rendered layouts/_navbar.html.erb (Duration: 0.6ms | Allocations: 123)
  Rendered layout layouts/application.html.erb (Duration: 22.4ms | Allocations: 7773)
Completed 200 OK in 29ms (Views: 27.4ms | Allocations: 8790)


